{"/Users/promit_revar/Evaluation2/src/controllers/csvDataStorageController.js": {"path":"/Users/promit_revar/Evaluation2/src/controllers/csvDataStorageController.js","statementMap":{"0":{"start":{"line":1,"column":16},"end":{"line":1,"column":57}},"1":{"start":{"line":2,"column":0},"end":{"line":11,"column":1}},"2":{"start":{"line":3,"column":17},"end":{"line":3,"column":54}},"3":{"start":{"line":4,"column":31},"end":{"line":4,"column":68}},"4":{"start":{"line":5,"column":35},"end":{"line":5,"column":76}},"5":{"start":{"line":6,"column":24},"end":{"line":6,"column":90}},"6":{"start":{"line":7,"column":28},"end":{"line":7,"column":168}},"7":{"start":{"line":7,"column":52},"end":{"line":7,"column":166}},"8":{"start":{"line":8,"column":21},"end":{"line":8,"column":103}},"9":{"start":{"line":8,"column":45},"end":{"line":8,"column":101}},"10":{"start":{"line":9,"column":25},"end":{"line":9,"column":85}},"11":{"start":{"line":10,"column":4},"end":{"line":10,"column":60}}},"fnMap":{"0":{"name":"(anonymous_0)","decl":{"start":{"line":2,"column":19},"end":{"line":2,"column":20}},"loc":{"start":{"line":2,"column":35},"end":{"line":11,"column":1}},"line":2},"1":{"name":"(anonymous_1)","decl":{"start":{"line":7,"column":45},"end":{"line":7,"column":46}},"loc":{"start":{"line":7,"column":51},"end":{"line":7,"column":167}},"line":7},"2":{"name":"(anonymous_2)","decl":{"start":{"line":8,"column":38},"end":{"line":8,"column":39}},"loc":{"start":{"line":8,"column":44},"end":{"line":8,"column":102}},"line":8}},"branchMap":{},"s":{"0":1,"1":1,"2":1,"3":1,"4":1,"5":1,"6":1,"7":1,"8":1,"9":1,"10":1,"11":1},"f":{"0":1,"1":1,"2":1},"b":{},"_coverageSchema":"1a1c01bbd47fc00a2c39e90264f33305004495a9","hash":"3001d8e61c05afce80dd43bdf56d263df1f77cea"}
,"/Users/promit_revar/Evaluation2/src/controllers/rankingController.js": {"path":"/Users/promit_revar/Evaluation2/src/controllers/rankingController.js","statementMap":{"0":{"start":{"line":1,"column":23},"end":{"line":1,"column":61}},"1":{"start":{"line":2,"column":0},"end":{"line":8,"column":1}},"2":{"start":{"line":3,"column":25},"end":{"line":3,"column":80}},"3":{"start":{"line":4,"column":31},"end":{"line":6,"column":6}},"4":{"start":{"line":5,"column":8},"end":{"line":5,"column":151}},"5":{"start":{"line":7,"column":4},"end":{"line":7,"column":52}}},"fnMap":{"0":{"name":"(anonymous_0)","decl":{"start":{"line":2,"column":24},"end":{"line":2,"column":25}},"loc":{"start":{"line":2,"column":41},"end":{"line":8,"column":1}},"line":2},"1":{"name":"(anonymous_1)","decl":{"start":{"line":4,"column":48},"end":{"line":4,"column":49}},"loc":{"start":{"line":4,"column":58},"end":{"line":6,"column":5}},"line":4}},"branchMap":{},"s":{"0":1,"1":1,"2":1,"3":1,"4":4,"5":1},"f":{"0":1,"1":4},"b":{},"_coverageSchema":"1a1c01bbd47fc00a2c39e90264f33305004495a9","hash":"7f063a0400ffa9218593cfe6b3a4e31105572354"}
,"/Users/promit_revar/Evaluation2/src/controllers/updateCompanyDetailsController.js": {"path":"/Users/promit_revar/Evaluation2/src/controllers/updateCompanyDetailsController.js","statementMap":{"0":{"start":{"line":1,"column":21},"end":{"line":1,"column":39}},"1":{"start":{"line":2,"column":23},"end":{"line":2,"column":67}},"2":{"start":{"line":3,"column":0},"end":{"line":7,"column":1}},"3":{"start":{"line":4,"column":19},"end":{"line":4,"column":85}},"4":{"start":{"line":5,"column":26},"end":{"line":5,"column":216}},"5":{"start":{"line":6,"column":4},"end":{"line":6,"column":63}}},"fnMap":{"0":{"name":"(anonymous_0)","decl":{"start":{"line":3,"column":31},"end":{"line":3,"column":32}},"loc":{"start":{"line":3,"column":51},"end":{"line":7,"column":1}},"line":3}},"branchMap":{},"s":{"0":1,"1":1,"2":1,"3":1,"4":1,"5":1},"f":{"0":1},"b":{},"_coverageSchema":"1a1c01bbd47fc00a2c39e90264f33305004495a9","hash":"6ea251e1d0d8dd03bf124cb497b88f4fdc2b3a1f"}
,"/Users/promit_revar/Evaluation2/src/middlewares/validation.js": {"path":"/Users/promit_revar/Evaluation2/src/middlewares/validation.js","statementMap":{"0":{"start":{"line":1,"column":12},"end":{"line":1,"column":26}},"1":{"start":{"line":2,"column":14},"end":{"line":6,"column":2}},"2":{"start":{"line":7,"column":29},"end":{"line":10,"column":2}},"3":{"start":{"line":11,"column":0},"end":{"line":19,"column":1}},"4":{"start":{"line":12,"column":25},"end":{"line":12,"column":50}},"5":{"start":{"line":13,"column":4},"end":{"line":18,"column":5}},"6":{"start":{"line":14,"column":8},"end":{"line":14,"column":44}},"7":{"start":{"line":17,"column":8},"end":{"line":17,"column":15}},"8":{"start":{"line":20,"column":0},"end":{"line":27,"column":1}},"9":{"start":{"line":21,"column":4},"end":{"line":26,"column":5}},"10":{"start":{"line":22,"column":8},"end":{"line":22,"column":77}},"11":{"start":{"line":25,"column":8},"end":{"line":25,"column":15}},"12":{"start":{"line":28,"column":0},"end":{"line":36,"column":1}},"13":{"start":{"line":29,"column":25},"end":{"line":29,"column":66}},"14":{"start":{"line":30,"column":4},"end":{"line":35,"column":5}},"15":{"start":{"line":31,"column":8},"end":{"line":31,"column":44}},"16":{"start":{"line":34,"column":8},"end":{"line":34,"column":15}}},"fnMap":{"0":{"name":"(anonymous_0)","decl":{"start":{"line":11,"column":21},"end":{"line":11,"column":22}},"loc":{"start":{"line":11,"column":37},"end":{"line":19,"column":1}},"line":11},"1":{"name":"(anonymous_1)","decl":{"start":{"line":20,"column":32},"end":{"line":20,"column":33}},"loc":{"start":{"line":20,"column":48},"end":{"line":27,"column":1}},"line":20},"2":{"name":"(anonymous_2)","decl":{"start":{"line":28,"column":37},"end":{"line":28,"column":38}},"loc":{"start":{"line":28,"column":53},"end":{"line":36,"column":1}},"line":28}},"branchMap":{"0":{"loc":{"start":{"line":13,"column":4},"end":{"line":18,"column":5}},"type":"if","locations":[{"start":{"line":13,"column":4},"end":{"line":18,"column":5}},{"start":{"line":16,"column":8},"end":{"line":18,"column":5}}],"line":13},"1":{"loc":{"start":{"line":21,"column":4},"end":{"line":26,"column":5}},"type":"if","locations":[{"start":{"line":21,"column":4},"end":{"line":26,"column":5}},{"start":{"line":24,"column":8},"end":{"line":26,"column":5}}],"line":21},"2":{"loc":{"start":{"line":30,"column":4},"end":{"line":35,"column":5}},"type":"if","locations":[{"start":{"line":30,"column":4},"end":{"line":35,"column":5}},{"start":{"line":33,"column":8},"end":{"line":35,"column":5}}],"line":30}},"s":{"0":1,"1":1,"2":1,"3":1,"4":1,"5":1,"6":0,"7":1,"8":1,"9":0,"10":0,"11":0,"12":1,"13":2,"14":2,"15":0,"16":2},"f":{"0":1,"1":0,"2":2},"b":{"0":[0,1],"1":[0,0],"2":[0,2]},"_coverageSchema":"1a1c01bbd47fc00a2c39e90264f33305004495a9","hash":"cb1e7b4440f925934e3fbfd44985a2378907c4d7"}
,"/Users/promit_revar/Evaluation2/src/models/companies.js": {"path":"/Users/promit_revar/Evaluation2/src/models/companies.js","statementMap":{"0":{"start":{"line":4,"column":4},"end":{"line":4,"column":24}},"1":{"start":{"line":5,"column":0},"end":{"line":33,"column":2}},"2":{"start":{"line":13,"column":6},"end":{"line":17,"column":9}},"3":{"start":{"line":20,"column":2},"end":{"line":31,"column":5}},"4":{"start":{"line":32,"column":2},"end":{"line":32,"column":19}}},"fnMap":{"0":{"name":"(anonymous_0)","decl":{"start":{"line":5,"column":17},"end":{"line":5,"column":18}},"loc":{"start":{"line":5,"column":43},"end":{"line":33,"column":1}},"line":5},"1":{"name":"(anonymous_1)","decl":{"start":{"line":12,"column":4},"end":{"line":12,"column":5}},"loc":{"start":{"line":12,"column":29},"end":{"line":18,"column":5}},"line":12}},"branchMap":{},"s":{"0":3,"1":3,"2":3,"3":3,"4":3},"f":{"0":3,"1":3},"b":{},"_coverageSchema":"1a1c01bbd47fc00a2c39e90264f33305004495a9","hash":"e29d802d29fd178ae61ca46415c59453d031f6fb"}
,"/Users/promit_revar/Evaluation2/src/models/index.js": {"path":"/Users/promit_revar/Evaluation2/src/models/index.js","statementMap":{"0":{"start":{"line":3,"column":11},"end":{"line":3,"column":24}},"1":{"start":{"line":4,"column":13},"end":{"line":4,"column":28}},"2":{"start":{"line":5,"column":18},"end":{"line":5,"column":38}},"3":{"start":{"line":6,"column":16},"end":{"line":6,"column":34}},"4":{"start":{"line":7,"column":17},"end":{"line":7,"column":42}},"5":{"start":{"line":8,"column":12},"end":{"line":8,"column":49}},"6":{"start":{"line":9,"column":15},"end":{"line":9,"column":77}},"7":{"start":{"line":10,"column":11},"end":{"line":10,"column":13}},"8":{"start":{"line":13,"column":0},"end":{"line":17,"column":1}},"9":{"start":{"line":14,"column":2},"end":{"line":14,"column":74}},"10":{"start":{"line":16,"column":2},"end":{"line":16,"column":87}},"11":{"start":{"line":19,"column":0},"end":{"line":32,"column":5}},"12":{"start":{"line":22,"column":4},"end":{"line":27,"column":6}},"13":{"start":{"line":30,"column":18},"end":{"line":30,"column":85}},"14":{"start":{"line":31,"column":4},"end":{"line":31,"column":27}},"15":{"start":{"line":34,"column":0},"end":{"line":38,"column":3}},"16":{"start":{"line":35,"column":2},"end":{"line":37,"column":3}},"17":{"start":{"line":36,"column":4},"end":{"line":36,"column":32}},"18":{"start":{"line":40,"column":0},"end":{"line":40,"column":25}},"19":{"start":{"line":41,"column":0},"end":{"line":41,"column":25}},"20":{"start":{"line":43,"column":0},"end":{"line":43,"column":20}}},"fnMap":{"0":{"name":"(anonymous_0)","decl":{"start":{"line":21,"column":10},"end":{"line":21,"column":11}},"loc":{"start":{"line":21,"column":18},"end":{"line":28,"column":3}},"line":21},"1":{"name":"(anonymous_1)","decl":{"start":{"line":29,"column":11},"end":{"line":29,"column":12}},"loc":{"start":{"line":29,"column":19},"end":{"line":32,"column":3}},"line":29},"2":{"name":"(anonymous_2)","decl":{"start":{"line":34,"column":24},"end":{"line":34,"column":25}},"loc":{"start":{"line":34,"column":37},"end":{"line":38,"column":1}},"line":34}},"branchMap":{"0":{"loc":{"start":{"line":8,"column":12},"end":{"line":8,"column":49}},"type":"binary-expr","locations":[{"start":{"line":8,"column":12},"end":{"line":8,"column":32}},{"start":{"line":8,"column":36},"end":{"line":8,"column":49}}],"line":8},"1":{"loc":{"start":{"line":13,"column":0},"end":{"line":17,"column":1}},"type":"if","locations":[{"start":{"line":13,"column":0},"end":{"line":17,"column":1}},{"start":{"line":15,"column":7},"end":{"line":17,"column":1}}],"line":13},"2":{"loc":{"start":{"line":23,"column":6},"end":{"line":26,"column":37}},"type":"binary-expr","locations":[{"start":{"line":23,"column":6},"end":{"line":23,"column":29}},{"start":{"line":24,"column":6},"end":{"line":24,"column":23}},{"start":{"line":25,"column":6},"end":{"line":25,"column":30}},{"start":{"line":26,"column":6},"end":{"line":26,"column":37}}],"line":23},"3":{"loc":{"start":{"line":35,"column":2},"end":{"line":37,"column":3}},"type":"if","locations":[{"start":{"line":35,"column":2},"end":{"line":37,"column":3}},{"start":{},"end":{}}],"line":35}},"s":{"0":3,"1":3,"2":3,"3":3,"4":3,"5":3,"6":3,"7":3,"8":3,"9":0,"10":3,"11":3,"12":12,"13":9,"14":9,"15":3,"16":9,"17":9,"18":3,"19":3,"20":3},"f":{"0":12,"1":9,"2":9},"b":{"0":[3,0],"1":[0,3],"2":[12,12,9,9],"3":[9,0]},"_coverageSchema":"1a1c01bbd47fc00a2c39e90264f33305004495a9","hash":"afb37a04859d46359db2018dd9d636e62a8af29f"}
,"/Users/promit_revar/Evaluation2/src/models/sector.js": {"path":"/Users/promit_revar/Evaluation2/src/models/sector.js","statementMap":{"0":{"start":{"line":4,"column":4},"end":{"line":4,"column":24}},"1":{"start":{"line":5,"column":0},"end":{"line":30,"column":2}},"2":{"start":{"line":13,"column":6},"end":{"line":16,"column":9}},"3":{"start":{"line":19,"column":2},"end":{"line":28,"column":5}},"4":{"start":{"line":29,"column":2},"end":{"line":29,"column":16}}},"fnMap":{"0":{"name":"(anonymous_0)","decl":{"start":{"line":5,"column":17},"end":{"line":5,"column":18}},"loc":{"start":{"line":5,"column":43},"end":{"line":30,"column":1}},"line":5},"1":{"name":"(anonymous_1)","decl":{"start":{"line":12,"column":4},"end":{"line":12,"column":5}},"loc":{"start":{"line":12,"column":29},"end":{"line":17,"column":5}},"line":12}},"branchMap":{},"s":{"0":3,"1":3,"2":3,"3":3,"4":3},"f":{"0":3,"1":3},"b":{},"_coverageSchema":"1a1c01bbd47fc00a2c39e90264f33305004495a9","hash":"7afd03525be08adb34e3831d6ae6c80c393ed2d4"}
,"/Users/promit_revar/Evaluation2/src/models/tags.js": {"path":"/Users/promit_revar/Evaluation2/src/models/tags.js","statementMap":{"0":{"start":{"line":4,"column":4},"end":{"line":4,"column":24}},"1":{"start":{"line":5,"column":0},"end":{"line":24,"column":2}},"2":{"start":{"line":16,"column":2},"end":{"line":22,"column":5}},"3":{"start":{"line":23,"column":2},"end":{"line":23,"column":14}}},"fnMap":{"0":{"name":"(anonymous_0)","decl":{"start":{"line":5,"column":17},"end":{"line":5,"column":18}},"loc":{"start":{"line":5,"column":43},"end":{"line":24,"column":1}},"line":5},"1":{"name":"(anonymous_1)","decl":{"start":{"line":12,"column":4},"end":{"line":12,"column":5}},"loc":{"start":{"line":12,"column":29},"end":{"line":14,"column":5}},"line":12}},"branchMap":{},"s":{"0":3,"1":3,"2":3,"3":3},"f":{"0":3,"1":3},"b":{},"_coverageSchema":"1a1c01bbd47fc00a2c39e90264f33305004495a9","hash":"dd19e2a6dd10eefcdc75859ee29cae9d877bc3e8"}
,"/Users/promit_revar/Evaluation2/src/services/csvStorageServices.js": {"path":"/Users/promit_revar/Evaluation2/src/services/csvStorageServices.js","statementMap":{"0":{"start":{"line":1,"column":14},"end":{"line":1,"column":30}},"1":{"start":{"line":2,"column":11},"end":{"line":2,"column":31}},"2":{"start":{"line":3,"column":14},"end":{"line":3,"column":43}},"3":{"start":{"line":4,"column":0},"end":{"line":17,"column":1}},"4":{"start":{"line":5,"column":19},"end":{"line":5,"column":45}},"5":{"start":{"line":6,"column":20},"end":{"line":6,"column":43}},"6":{"start":{"line":7,"column":4},"end":{"line":7,"column":20}},"7":{"start":{"line":8,"column":24},"end":{"line":11,"column":6}},"8":{"start":{"line":9,"column":35},"end":{"line":9,"column":50}},"9":{"start":{"line":10,"column":8},"end":{"line":10,"column":89}},"10":{"start":{"line":12,"column":28},"end":{"line":14,"column":6}},"11":{"start":{"line":13,"column":8},"end":{"line":13,"column":72}},"12":{"start":{"line":15,"column":29},"end":{"line":15,"column":72}},"13":{"start":{"line":16,"column":4},"end":{"line":16,"column":23}},"14":{"start":{"line":18,"column":0},"end":{"line":28,"column":1}},"15":{"start":{"line":19,"column":27},"end":{"line":25,"column":7}},"16":{"start":{"line":21,"column":28},"end":{"line":21,"column":102}},"17":{"start":{"line":23,"column":8},"end":{"line":23,"column":31}},"18":{"start":{"line":27,"column":4},"end":{"line":27,"column":26}},"19":{"start":{"line":29,"column":0},"end":{"line":38,"column":1}},"20":{"start":{"line":30,"column":27},"end":{"line":35,"column":7}},"21":{"start":{"line":32,"column":28},"end":{"line":32,"column":120}},"22":{"start":{"line":33,"column":8},"end":{"line":33,"column":31}},"23":{"start":{"line":37,"column":4},"end":{"line":37,"column":26}},"24":{"start":{"line":39,"column":0},"end":{"line":46,"column":1}},"25":{"start":{"line":40,"column":30},"end":{"line":40,"column":65}},"26":{"start":{"line":41,"column":25},"end":{"line":41,"column":59}},"27":{"start":{"line":42,"column":4},"end":{"line":44,"column":6}},"28":{"start":{"line":43,"column":8},"end":{"line":43,"column":93}},"29":{"start":{"line":47,"column":0},"end":{"line":78,"column":1}},"30":{"start":{"line":49,"column":22},"end":{"line":75,"column":6}},"31":{"start":{"line":51,"column":19},"end":{"line":51,"column":20}},"32":{"start":{"line":52,"column":8},"end":{"line":63,"column":9}},"33":{"start":{"line":52,"column":21},"end":{"line":52,"column":22}},"34":{"start":{"line":53,"column":12},"end":{"line":59,"column":13}},"35":{"start":{"line":53,"column":25},"end":{"line":53,"column":26}},"36":{"start":{"line":54,"column":16},"end":{"line":58,"column":17}},"37":{"start":{"line":55,"column":20},"end":{"line":55,"column":49}},"38":{"start":{"line":56,"column":20},"end":{"line":56,"column":29}},"39":{"start":{"line":57,"column":20},"end":{"line":57,"column":26}},"40":{"start":{"line":60,"column":12},"end":{"line":62,"column":13}},"41":{"start":{"line":61,"column":16},"end":{"line":61,"column":22}},"42":{"start":{"line":68,"column":20},"end":{"line":68,"column":82}},"43":{"start":{"line":68,"column":60},"end":{"line":68,"column":78}},"44":{"start":{"line":69,"column":19},"end":{"line":69,"column":80}},"45":{"start":{"line":69,"column":59},"end":{"line":69,"column":76}},"46":{"start":{"line":70,"column":20},"end":{"line":70,"column":82}},"47":{"start":{"line":70,"column":60},"end":{"line":70,"column":78}},"48":{"start":{"line":71,"column":21},"end":{"line":71,"column":84}},"49":{"start":{"line":71,"column":61},"end":{"line":71,"column":80}},"50":{"start":{"line":72,"column":22},"end":{"line":72,"column":97}},"51":{"start":{"line":74,"column":8},"end":{"line":74,"column":117}},"52":{"start":{"line":77,"column":4},"end":{"line":77,"column":21}}},"fnMap":{"0":{"name":"(anonymous_0)","decl":{"start":{"line":4,"column":23},"end":{"line":4,"column":24}},"loc":{"start":{"line":4,"column":39},"end":{"line":17,"column":1}},"line":4},"1":{"name":"(anonymous_1)","decl":{"start":{"line":8,"column":36},"end":{"line":8,"column":37}},"loc":{"start":{"line":8,"column":46},"end":{"line":11,"column":5}},"line":8},"2":{"name":"(anonymous_2)","decl":{"start":{"line":12,"column":44},"end":{"line":12,"column":45}},"loc":{"start":{"line":12,"column":52},"end":{"line":14,"column":5}},"line":12},"3":{"name":"(anonymous_3)","decl":{"start":{"line":18,"column":25},"end":{"line":18,"column":26}},"loc":{"start":{"line":18,"column":41},"end":{"line":28,"column":1}},"line":18},"4":{"name":"(anonymous_4)","decl":{"start":{"line":19,"column":54},"end":{"line":19,"column":55}},"loc":{"start":{"line":19,"column":73},"end":{"line":25,"column":5}},"line":19},"5":{"name":"(anonymous_5)","decl":{"start":{"line":29,"column":29},"end":{"line":29,"column":30}},"loc":{"start":{"line":29,"column":45},"end":{"line":38,"column":1}},"line":29},"6":{"name":"(anonymous_6)","decl":{"start":{"line":30,"column":54},"end":{"line":30,"column":55}},"loc":{"start":{"line":30,"column":73},"end":{"line":35,"column":5}},"line":30},"7":{"name":"(anonymous_7)","decl":{"start":{"line":39,"column":26},"end":{"line":39,"column":27}},"loc":{"start":{"line":39,"column":52},"end":{"line":46,"column":1}},"line":39},"8":{"name":"(anonymous_8)","decl":{"start":{"line":42,"column":20},"end":{"line":42,"column":21}},"loc":{"start":{"line":42,"column":28},"end":{"line":44,"column":5}},"line":42},"9":{"name":"(anonymous_9)","decl":{"start":{"line":47,"column":25},"end":{"line":47,"column":26}},"loc":{"start":{"line":47,"column":59},"end":{"line":78,"column":1}},"line":47},"10":{"name":"(anonymous_10)","decl":{"start":{"line":49,"column":41},"end":{"line":49,"column":42}},"loc":{"start":{"line":49,"column":51},"end":{"line":75,"column":5}},"line":49},"11":{"name":"(anonymous_11)","decl":{"start":{"line":68,"column":52},"end":{"line":68,"column":53}},"loc":{"start":{"line":68,"column":60},"end":{"line":68,"column":78}},"line":68},"12":{"name":"(anonymous_12)","decl":{"start":{"line":69,"column":51},"end":{"line":69,"column":52}},"loc":{"start":{"line":69,"column":59},"end":{"line":69,"column":76}},"line":69},"13":{"name":"(anonymous_13)","decl":{"start":{"line":70,"column":52},"end":{"line":70,"column":53}},"loc":{"start":{"line":70,"column":60},"end":{"line":70,"column":78}},"line":70},"14":{"name":"(anonymous_14)","decl":{"start":{"line":71,"column":53},"end":{"line":71,"column":54}},"loc":{"start":{"line":71,"column":61},"end":{"line":71,"column":80}},"line":71}},"branchMap":{"0":{"loc":{"start":{"line":54,"column":16},"end":{"line":58,"column":17}},"type":"if","locations":[{"start":{"line":54,"column":16},"end":{"line":58,"column":17}},{"start":{},"end":{}}],"line":54},"1":{"loc":{"start":{"line":60,"column":12},"end":{"line":62,"column":13}},"type":"if","locations":[{"start":{"line":60,"column":12},"end":{"line":62,"column":13}},{"start":{},"end":{}}],"line":60}},"s":{"0":1,"1":1,"2":1,"3":1,"4":0,"5":0,"6":0,"7":0,"8":0,"9":0,"10":0,"11":0,"12":0,"13":0,"14":1,"15":0,"16":0,"17":0,"18":0,"19":1,"20":0,"21":0,"22":0,"23":0,"24":1,"25":0,"26":0,"27":0,"28":0,"29":1,"30":0,"31":0,"32":0,"33":0,"34":0,"35":0,"36":0,"37":0,"38":0,"39":0,"40":0,"41":0,"42":0,"43":0,"44":0,"45":0,"46":0,"47":0,"48":0,"49":0,"50":0,"51":0,"52":0},"f":{"0":0,"1":0,"2":0,"3":0,"4":0,"5":0,"6":0,"7":0,"8":0,"9":0,"10":0,"11":0,"12":0,"13":0,"14":0},"b":{"0":[0,0],"1":[0,0]},"_coverageSchema":"1a1c01bbd47fc00a2c39e90264f33305004495a9","hash":"176e8a91338b87d9ddb0f164a99fcd37b53bd98d"}
,"/Users/promit_revar/Evaluation2/src/services/rankingServices.js": {"path":"/Users/promit_revar/Evaluation2/src/services/rankingServices.js","statementMap":{"0":{"start":{"line":1,"column":11},"end":{"line":1,"column":31}},"1":{"start":{"line":2,"column":0},"end":{"line":15,"column":1}},"2":{"start":{"line":3,"column":19},"end":{"line":7,"column":6}},"3":{"start":{"line":8,"column":4},"end":{"line":12,"column":7}},"4":{"start":{"line":9,"column":8},"end":{"line":11,"column":9}},"5":{"start":{"line":10,"column":12},"end":{"line":10,"column":22}}},"fnMap":{"0":{"name":"(anonymous_0)","decl":{"start":{"line":2,"column":26},"end":{"line":2,"column":27}},"loc":{"start":{"line":2,"column":44},"end":{"line":15,"column":1}},"line":2},"1":{"name":"(anonymous_1)","decl":{"start":{"line":8,"column":23},"end":{"line":8,"column":24}},"loc":{"start":{"line":8,"column":44},"end":{"line":12,"column":5}},"line":8}},"branchMap":{"0":{"loc":{"start":{"line":9,"column":8},"end":{"line":11,"column":9}},"type":"if","locations":[{"start":{"line":9,"column":8},"end":{"line":11,"column":9}},{"start":{},"end":{}}],"line":9}},"s":{"0":1,"1":1,"2":0,"3":0,"4":0,"5":0},"f":{"0":0,"1":0},"b":{"0":[0,0]},"_coverageSchema":"1a1c01bbd47fc00a2c39e90264f33305004495a9","hash":"2d8a856dd111aa32033715cf2ee0ac965abdf66f"}
,"/Users/promit_revar/Evaluation2/src/services/updateDetailsServices.js": {"path":"/Users/promit_revar/Evaluation2/src/services/updateDetailsServices.js","statementMap":{"0":{"start":{"line":1,"column":11},"end":{"line":1,"column":31}},"1":{"start":{"line":2,"column":0},"end":{"line":15,"column":1}},"2":{"start":{"line":4,"column":19},"end":{"line":10,"column":6}},"3":{"start":{"line":11,"column":24},"end":{"line":13,"column":6}},"4":{"start":{"line":14,"column":4},"end":{"line":14,"column":54}}},"fnMap":{"0":{"name":"(anonymous_0)","decl":{"start":{"line":2,"column":31},"end":{"line":2,"column":32}},"loc":{"start":{"line":2,"column":50},"end":{"line":15,"column":1}},"line":2}},"branchMap":{},"s":{"0":1,"1":1,"2":0,"3":0,"4":0},"f":{"0":0},"b":{},"_coverageSchema":"1a1c01bbd47fc00a2c39e90264f33305004495a9","hash":"0473cf0f2e472e33ef29ad2074f731aa1e1a74a5"}
,"/Users/promit_revar/Evaluation2/src/utils/csvParser.js": {"path":"/Users/promit_revar/Evaluation2/src/utils/csvParser.js","statementMap":{"0":{"start":{"line":1,"column":27},"end":{"line":1,"column":43}},"1":{"start":{"line":3,"column":0},"end":{"line":6,"column":1}},"2":{"start":{"line":4,"column":20},"end":{"line":4,"column":49}},"3":{"start":{"line":5,"column":4},"end":{"line":5,"column":19}}},"fnMap":{"0":{"name":"(anonymous_0)","decl":{"start":{"line":3,"column":19},"end":{"line":3,"column":20}},"loc":{"start":{"line":3,"column":35},"end":{"line":6,"column":1}},"line":3}},"branchMap":{},"s":{"0":2,"1":2,"2":0,"3":0},"f":{"0":0},"b":{},"_coverageSchema":"1a1c01bbd47fc00a2c39e90264f33305004495a9","hash":"c4606ea43506e9d0c7a66c2681d5c450eb329ab7"}
}
